<?xml version="1.0" encoding="utf-8"?>
<coverage line-rate="0.9512" branch-rate="0.9285" version="1.9" timestamp="1636604347" lines-covered="39" lines-valid="41" branches-covered="13" branches-valid="14">
  <sources>
    <source>C:\Users\amiteshn\source\repos\Internal-LearningPaths-TestAutomation-T1\QA Learning Path\Module A5 - Test Doubles\File Logger Kata\FileLoggerKata\</source>
  </sources>
  <packages>
    <package name="FileLoggerKata" line-rate="0.9512" branch-rate="0.9285" complexity="20">
      <classes>
        <class name="FileLoggerKata.DefaultDataProvider" filename="DefaultDataProvider.cs" line-rate="0" branch-rate="1" complexity="2">
          <methods>
            <method name="get_Instance" signature="()" line-rate="0" branch-rate="1" complexity="1">
              <lines>
                <line number="6" hits="0" branch="False" />
              </lines>
            </method>
            <method name="get_Today" signature="()" line-rate="0" branch-rate="1" complexity="1">
              <lines>
                <line number="8" hits="0" branch="False" />
              </lines>
            </method>
          </methods>
          <lines>
            <line number="6" hits="0" branch="False" />
            <line number="8" hits="0" branch="False" />
          </lines>
        </class>
        <class name="FileLoggerKata.FileLogger" filename="FIleLogger.cs" line-rate="1" branch-rate="0.9285" complexity="18">
          <methods>
            <method name="get_DateProvider" signature="()" line-rate="1" branch-rate="1" complexity="1">
              <lines>
                <line number="11" hits="17" branch="False" />
              </lines>
            </method>
            <method name="get_FileSystem" signature="()" line-rate="1" branch-rate="1" complexity="1">
              <lines>
                <line number="12" hits="29" branch="False" />
              </lines>
            </method>
            <method name="Log" signature="(System.String)" line-rate="1" branch-rate="1" complexity="4">
              <lines>
                <line number="21" hits="7" branch="False" />
                <line number="22" hits="7" branch="False" />
                <line number="24" hits="7" branch="True" condition-coverage="100% (2/2)">
                  <conditions>
                    <condition number="32" type="jump" coverage="100%" />
                  </conditions>
                </line>
                <line number="25" hits="2" branch="False" />
                <line number="26" hits="2" branch="False" />
                <line number="27" hits="2" branch="False" />
                <line number="29" hits="7" branch="True" condition-coverage="100% (2/2)">
                  <conditions>
                    <condition number="65" type="jump" coverage="100%" />
                  </conditions>
                </line>
                <line number="30" hits="3" branch="False" />
                <line number="31" hits="3" branch="False" />
                <line number="32" hits="3" branch="False" />
                <line number="34" hits="7" branch="False" />
                <line number="42" hits="7" branch="False" />
              </lines>
            </method>
            <method name="GetLogFileName" signature="()" line-rate="1" branch-rate="1" complexity="2">
              <lines>
                <line number="45" hits="7" branch="False" />
                <line number="46" hits="7" branch="False" />
                <line number="48" hits="7" branch="True" condition-coverage="100% (2/2)">
                  <conditions>
                    <condition number="19" type="jump" coverage="100%" />
                  </conditions>
                </line>
                <line number="49" hits="7" branch="False" />
                <line number="50" hits="7" branch="False" />
                <line number="51" hits="7" branch="False" />
              </lines>
            </method>
            <method name="ArchiveWeekendLog" signature="()" line-rate="1" branch-rate="1" complexity="1">
              <lines>
                <line number="54" hits="2" branch="False" />
                <line number="55" hits="2" branch="False" />
                <line number="56" hits="2" branch="False" />
                <line number="57" hits="2" branch="False" />
                <line number="58" hits="2" branch="False" />
              </lines>
            </method>
            <method name="ToFileDateFormat" signature="(System.DateTime)" line-rate="1" branch-rate="1" complexity="1">
              <lines>
                <line number="61" hits="4" branch="False" />
                <line number="62" hits="4" branch="False" />
                <line number="63" hits="4" branch="False" />
              </lines>
            </method>
            <method name="IsWeekend" signature="(System.DateTime)" line-rate="1" branch-rate="1" complexity="2">
              <lines>
                <line number="65" hits="14" branch="True" condition-coverage="100% (2/2)">
                  <conditions>
                    <condition number="8" type="jump" coverage="100%" />
                  </conditions>
                </line>
              </lines>
            </method>
            <method name="&lt;Log&gt;g__ShouldRotateWeekendLogs|10_0" signature="(FileLoggerKata.FileLogger/&lt;&gt;c__DisplayClass10_0&amp;)" line-rate="1" branch-rate="1" complexity="4">
              <lines>
                <line number="37" hits="7" branch="False" />
                <line number="38" hits="7" branch="True" condition-coverage="100% (4/4)">
                  <conditions>
                    <condition number="17" type="jump" coverage="100%" />
                    <condition number="36" type="jump" coverage="100%" />
                  </conditions>
                </line>
                <line number="39" hits="7" branch="False" />
                <line number="40" hits="7" branch="False" />
                <line number="41" hits="7" branch="False" />
              </lines>
            </method>
            <method name=".ctor" signature="(FileLoggerKata.IFileSystem,FileLoggerKata.IDateProvider)" line-rate="1" branch-rate="0.5" complexity="2">
              <lines>
                <line number="14" hits="7" branch="False" />
                <line number="15" hits="7" branch="False" />
                <line number="16" hits="7" branch="True" condition-coverage="50% (1/2)">
                  <conditions>
                    <condition number="11" type="jump" coverage="50%" />
                  </conditions>
                </line>
                <line number="17" hits="7" branch="False" />
                <line number="18" hits="7" branch="False" />
              </lines>
            </method>
          </methods>
          <lines>
            <line number="11" hits="17" branch="False" />
            <line number="12" hits="29" branch="False" />
            <line number="21" hits="7" branch="False" />
            <line number="22" hits="7" branch="False" />
            <line number="24" hits="7" branch="True" condition-coverage="100% (2/2)">
              <conditions>
                <condition number="32" type="jump" coverage="100%" />
              </conditions>
            </line>
            <line number="25" hits="2" branch="False" />
            <line number="26" hits="2" branch="False" />
            <line number="27" hits="2" branch="False" />
            <line number="29" hits="7" branch="True" condition-coverage="100% (2/2)">
              <conditions>
                <condition number="65" type="jump" coverage="100%" />
              </conditions>
            </line>
            <line number="30" hits="3" branch="False" />
            <line number="31" hits="3" branch="False" />
            <line number="32" hits="3" branch="False" />
            <line number="34" hits="7" branch="False" />
            <line number="42" hits="7" branch="False" />
            <line number="45" hits="7" branch="False" />
            <line number="46" hits="7" branch="False" />
            <line number="48" hits="7" branch="True" condition-coverage="100% (2/2)">
              <conditions>
                <condition number="19" type="jump" coverage="100%" />
              </conditions>
            </line>
            <line number="49" hits="7" branch="False" />
            <line number="50" hits="7" branch="False" />
            <line number="51" hits="7" branch="False" />
            <line number="54" hits="2" branch="False" />
            <line number="55" hits="2" branch="False" />
            <line number="56" hits="2" branch="False" />
            <line number="57" hits="2" branch="False" />
            <line number="58" hits="2" branch="False" />
            <line number="61" hits="4" branch="False" />
            <line number="62" hits="4" branch="False" />
            <line number="63" hits="4" branch="False" />
            <line number="65" hits="14" branch="True" condition-coverage="100% (2/2)">
              <conditions>
                <condition number="8" type="jump" coverage="100%" />
              </conditions>
            </line>
            <line number="37" hits="7" branch="False" />
            <line number="38" hits="7" branch="True" condition-coverage="100% (4/4)">
              <conditions>
                <condition number="17" type="jump" coverage="100%" />
                <condition number="36" type="jump" coverage="100%" />
              </conditions>
            </line>
            <line number="39" hits="7" branch="False" />
            <line number="40" hits="7" branch="False" />
            <line number="41" hits="7" branch="False" />
            <line number="14" hits="7" branch="False" />
            <line number="15" hits="7" branch="False" />
            <line number="16" hits="7" branch="True" condition-coverage="50% (1/2)">
              <conditions>
                <condition number="11" type="jump" coverage="50%" />
              </conditions>
            </line>
            <line number="17" hits="7" branch="False" />
            <line number="18" hits="7" branch="False" />
          </lines>
        </class>
      </classes>
    </package>
  </packages>
</coverage>